<?xml version="1.0" encoding="UTF-8"?>
<!-- Generated by org.testng.reporters.JUnitXMLReporter -->
<testsuite ignored="2" hostname="NIBLP2270" failures="0" tests="1" name="Default test" time="105.432" errors="0" timestamp="2026-02-12T18:52:39 IST">
  <testcase classname="Project.Tests.OrangeHRTests" name="AddUser" time="99.468"/>
  <testcase classname="Project.Tests.OrangeHRTests" name="LoginTest" time="0.0">
    <ignored/>
  </testcase> <!-- LoginTest -->
  <testcase classname="Project.Tests.OrangeHRTests" name="MandatoryCheckinLoginPage" time="0.0">
    <ignored/>
  </testcase> <!-- MandatoryCheckinLoginPage -->
</testsuite> <!-- Default test -->
