<?xml version="1.0" encoding="UTF-8"?>
<!-- Generated by org.testng.reporters.JUnitXMLReporter -->
<testsuite ignored="2" hostname="NIBLP2270" failures="0" tests="1" name="Default test" time="29.122" errors="0" timestamp="2026-01-22T18:55:44 IST">
  <testcase classname="Project.Tests.OrangeHRTests" name="LoginTest" time="8.606"/>
  <testcase classname="Project.Tests.OrangeHRTests" name="MandatoryCheckinLoginPage" time="0.0">
    <ignored/>
  </testcase> <!-- MandatoryCheckinLoginPage -->
  <testcase classname="Project.Tests.OrangeHRTests" name="AddUser" time="0.0">
    <ignored/>
  </testcase> <!-- AddUser -->
</testsuite> <!-- Default test -->
