<?xml version="1.0" encoding="UTF-8"?>
<testng-results ignored="2" total="3" passed="1" failed="0" skipped="0">
  <reporter-output>
  </reporter-output>
  <suite started-at="2026-01-22T18:55:15 IST" name="Default suite" finished-at="2026-01-22T18:55:44 IST" duration-ms="29122">
    <groups>
    </groups>
    <test started-at="2026-01-22T18:55:15 IST" name="Default test" finished-at="2026-01-22T18:55:44 IST" duration-ms="29122">
      <class name="Project.Tests.OrangeHRTests">
        <test-method is-config="true" signature="startBrowser()[pri:0, instance:Project.Tests.OrangeHRTests@a9cd3b1]" started-at="2026-01-22T18:55:15 IST" name="startBrowser" finished-at="2026-01-22T18:55:34 IST" duration-ms="19056" status="PASS">
          <reporter-output>
          </reporter-output>
        </test-method> <!-- startBrowser -->
        <test-method signature="LoginTest()[pri:0, instance:Project.Tests.OrangeHRTests@a9cd3b1]" started-at="2026-01-22T18:55:34 IST" name="LoginTest" finished-at="2026-01-22T18:55:42 IST" duration-ms="8606" status="PASS">
          <reporter-output>
          </reporter-output>
        </test-method> <!-- LoginTest -->
        <test-method is-config="true" signature="CloseBrowser()[pri:0, instance:Project.Tests.OrangeHRTests@a9cd3b1]" started-at="2026-01-22T18:55:42 IST" name="CloseBrowser" finished-at="2026-01-22T18:55:44 IST" duration-ms="1323" status="PASS">
          <reporter-output>
          </reporter-output>
        </test-method> <!-- CloseBrowser -->
        <test-method is-config="true" signature="Cleanup()[pri:0, instance:Project.Tests.OrangeHRTests@a9cd3b1]" started-at="2026-01-22T18:55:44 IST" name="Cleanup" finished-at="2026-01-22T18:55:44 IST" duration-ms="32" status="PASS">
          <reporter-output>
          </reporter-output>
        </test-method> <!-- Cleanup -->
      </class> <!-- Project.Tests.OrangeHRTests -->
    </test> <!-- Default test -->
  </suite> <!-- Default suite -->
</testng-results>
